<?xml version="1.0" encoding="UTF-8" ?>
<testsuite failures="0" time="0.078" errors="0" skipped="0" tests="7" name="fr.norsys.dojo.mastermind.MastermindTest">
  <properties>
    <property name="java.runtime.name" value="Java(TM) SE Runtime Environment"/>
    <property name="sun.boot.library.path" value="C:\Program Files\Java\jdk1.6.0_27\jre\bin"/>
    <property name="java.vm.version" value="20.2-b06"/>
    <property name="java.vm.vendor" value="Sun Microsystems Inc."/>
    <property name="java.vendor.url" value="http://java.sun.com/"/>
    <property name="path.separator" value=";"/>
    <property name="java.vm.name" value="Java HotSpot(TM) Client VM"/>
    <property name="file.encoding.pkg" value="sun.io"/>
    <property name="user.country" value="FR"/>
    <property name="sun.java.launcher" value="SUN_STANDARD"/>
    <property name="sun.os.patch.level" value="Service Pack 2"/>
    <property name="java.vm.specification.name" value="Java Virtual Machine Specification"/>
    <property name="user.dir" value="D:\mastermind-project"/>
    <property name="java.runtime.version" value="1.6.0_27-b07"/>
    <property name="java.awt.graphicsenv" value="sun.awt.Win32GraphicsEnvironment"/>
    <property name="basedir" value="D:\mastermind-project"/>
    <property name="java.endorsed.dirs" value="C:\Program Files\Java\jdk1.6.0_27\jre\lib\endorsed"/>
    <property name="os.arch" value="x86"/>
    <property name="surefire.real.class.path" value="D:\mastermind-project\target\surefire\surefirebooter7938313852173389499.jar"/>
    <property name="java.io.tmpdir" value="C:\DOCUME~1\TECHNO~1\LOCALS~1\Temp\"/>
    <property name="line.separator" value="
"/>
    <property name="java.vm.specification.vendor" value="Sun Microsystems Inc."/>
    <property name="user.variant" value=""/>
    <property name="os.name" value="Windows XP"/>
    <property name="sun.jnu.encoding" value="Cp1252"/>
    <property name="java.library.path" value="C:\Program Files\Java\jdk1.6.0_27\jre\bin;C:\WINDOWS\Sun\Java\bin;C:\WINDOWS\system32;C:\WINDOWS;C:\WINDOWS\system32;C:\WINDOWS;C:\WINDOWS\System32\Wbem;C:\Program Files\Intel\DMIX;C:\Program Files\Java\jdk1.6.0_27\bin;C:\Program Files\Java\jdk1.6.0_27\lib;C:\Program Files\Java\jdk1.6.0_27;D:\apache-ant\bin;D:\apache-maven\bin;JAVA_HOME\bin;D:\apache-maven\apache-maven\src\bin;;."/>
    <property name="surefire.test.class.path" value="D:\mastermind-project\target\test-classes;D:\mastermind-project\target\classes;C:\Documents and Settings\technomaker03\.m2\repository\org\hibernate\hibernate-annotations\3.5.6-Final\hibernate-annotations-3.5.6-Final.jar;C:\Documents and Settings\technomaker03\.m2\repository\org\hibernate\hibernate-core\3.5.6-Final\hibernate-core-3.5.6-Final.jar;C:\Documents and Settings\technomaker03\.m2\repository\antlr\antlr\2.7.6\antlr-2.7.6.jar;C:\Documents and Settings\technomaker03\.m2\repository\commons-collections\commons-collections\3.1\commons-collections-3.1.jar;C:\Documents and Settings\technomaker03\.m2\repository\dom4j\dom4j\1.6.1\dom4j-1.6.1.jar;C:\Documents and Settings\technomaker03\.m2\repository\xml-apis\xml-apis\1.0.b2\xml-apis-1.0.b2.jar;C:\Documents and Settings\technomaker03\.m2\repository\javax\transaction\jta\1.1\jta-1.1.jar;C:\Documents and Settings\technomaker03\.m2\repository\org\hibernate\hibernate-commons-annotations\3.2.0.Final\hibernate-commons-annotations-3.2.0.Final.jar;C:\Documents and Settings\technomaker03\.m2\repository\org\hibernate\javax\persistence\hibernate-jpa-2.0-api\1.0.0.Final\hibernate-jpa-2.0-api-1.0.0.Final.jar;C:\Documents and Settings\technomaker03\.m2\repository\org\slf4j\slf4j-api\1.5.8\slf4j-api-1.5.8.jar;C:\Documents and Settings\technomaker03\.m2\repository\org\hsqldb\hsqldb\2.2.4\hsqldb-2.2.4.jar;C:\Documents and Settings\technomaker03\.m2\repository\junit\junit\4.9\junit-4.9.jar;C:\Documents and Settings\technomaker03\.m2\repository\org\hamcrest\hamcrest-core\1.1\hamcrest-core-1.1.jar;"/>
    <property name="java.specification.name" value="Java Platform API Specification"/>
    <property name="java.class.version" value="50.0"/>
    <property name="sun.management.compiler" value="HotSpot Client Compiler"/>
    <property name="os.version" value="5.1"/>
    <property name="user.home" value="C:\Documents and Settings\technomaker03"/>
    <property name="user.timezone" value=""/>
    <property name="java.awt.printerjob" value="sun.awt.windows.WPrinterJob"/>
    <property name="java.specification.version" value="1.6"/>
    <property name="file.encoding" value="Cp1252"/>
    <property name="user.name" value="technomaker03"/>
    <property name="java.class.path" value="D:\mastermind-project\target\test-classes;D:\mastermind-project\target\classes;C:\Documents and Settings\technomaker03\.m2\repository\org\hibernate\hibernate-annotations\3.5.6-Final\hibernate-annotations-3.5.6-Final.jar;C:\Documents and Settings\technomaker03\.m2\repository\org\hibernate\hibernate-core\3.5.6-Final\hibernate-core-3.5.6-Final.jar;C:\Documents and Settings\technomaker03\.m2\repository\antlr\antlr\2.7.6\antlr-2.7.6.jar;C:\Documents and Settings\technomaker03\.m2\repository\commons-collections\commons-collections\3.1\commons-collections-3.1.jar;C:\Documents and Settings\technomaker03\.m2\repository\dom4j\dom4j\1.6.1\dom4j-1.6.1.jar;C:\Documents and Settings\technomaker03\.m2\repository\xml-apis\xml-apis\1.0.b2\xml-apis-1.0.b2.jar;C:\Documents and Settings\technomaker03\.m2\repository\javax\transaction\jta\1.1\jta-1.1.jar;C:\Documents and Settings\technomaker03\.m2\repository\org\hibernate\hibernate-commons-annotations\3.2.0.Final\hibernate-commons-annotations-3.2.0.Final.jar;C:\Documents and Settings\technomaker03\.m2\repository\org\hibernate\javax\persistence\hibernate-jpa-2.0-api\1.0.0.Final\hibernate-jpa-2.0-api-1.0.0.Final.jar;C:\Documents and Settings\technomaker03\.m2\repository\org\slf4j\slf4j-api\1.5.8\slf4j-api-1.5.8.jar;C:\Documents and Settings\technomaker03\.m2\repository\org\hsqldb\hsqldb\2.2.4\hsqldb-2.2.4.jar;C:\Documents and Settings\technomaker03\.m2\repository\junit\junit\4.9\junit-4.9.jar;C:\Documents and Settings\technomaker03\.m2\repository\org\hamcrest\hamcrest-core\1.1\hamcrest-core-1.1.jar;"/>
    <property name="java.vm.specification.version" value="1.0"/>
    <property name="sun.arch.data.model" value="32"/>
    <property name="java.home" value="C:\Program Files\Java\jdk1.6.0_27\jre"/>
    <property name="sun.java.command" value="D:\mastermind-project\target\surefire\surefirebooter7938313852173389499.jar D:\mastermind-project\target\surefire\surefire3241159827780165502tmp D:\mastermind-project\target\surefire\surefire1052488920078699642tmp"/>
    <property name="java.specification.vendor" value="Sun Microsystems Inc."/>
    <property name="user.language" value="fr"/>
    <property name="awt.toolkit" value="sun.awt.windows.WToolkit"/>
    <property name="java.vm.info" value="mixed mode"/>
    <property name="java.version" value="1.6.0_27"/>
    <property name="java.ext.dirs" value="C:\Program Files\Java\jdk1.6.0_27\jre\lib\ext;C:\WINDOWS\Sun\Java\lib\ext"/>
    <property name="sun.boot.class.path" value="C:\Program Files\Java\jdk1.6.0_27\jre\lib\resources.jar;C:\Program Files\Java\jdk1.6.0_27\jre\lib\rt.jar;C:\Program Files\Java\jdk1.6.0_27\jre\lib\sunrsasign.jar;C:\Program Files\Java\jdk1.6.0_27\jre\lib\jsse.jar;C:\Program Files\Java\jdk1.6.0_27\jre\lib\jce.jar;C:\Program Files\Java\jdk1.6.0_27\jre\lib\charsets.jar;C:\Program Files\Java\jdk1.6.0_27\jre\lib\modules\jdk.boot.jar;C:\Program Files\Java\jdk1.6.0_27\jre\classes"/>
    <property name="java.vendor" value="Sun Microsystems Inc."/>
    <property name="localRepository" value="C:\Documents and Settings\technomaker03\.m2\repository"/>
    <property name="file.separator" value="\"/>
    <property name="java.vendor.url.bug" value="http://java.sun.com/cgi-bin/bugreport.cgi"/>
    <property name="sun.cpu.endian" value="little"/>
    <property name="sun.io.unicode.encoding" value="UnicodeLittle"/>
    <property name="sun.desktop" value="windows"/>
    <property name="sun.cpu.isalist" value="pentium_pro+mmx pentium_pro pentium+mmx pentium i486 i386 i86"/>
  </properties>
  <testcase time="0" classname="fr.norsys.dojo.mastermind.MastermindTest" name="shouldAvoirSolution"/>
  <testcase time="0" classname="fr.norsys.dojo.mastermind.MastermindTest" name="shouldSaveSolution"/>
  <testcase time="0" classname="fr.norsys.dojo.mastermind.MastermindTest" name="shouldVerifyOneGood"/>
  <testcase time="0" classname="fr.norsys.dojo.mastermind.MastermindTest" name="shouldVerifyTwoGood"/>
  <testcase time="0" classname="fr.norsys.dojo.mastermind.MastermindTest" name="shouldVerifyOneFalsePosition"/>
  <testcase time="0" classname="fr.norsys.dojo.mastermind.MastermindTest" name="shouldAcceptDifferentSize"/>
  <testcase time="0" classname="fr.norsys.dojo.mastermind.MastermindTest" name="shouldVerifyZeroGood"/>
</testsuite>